<?xml version="1.0" encoding="UTF-8"?>
<!-- Generated by org.testng.reporters.JUnitReportReporter -->
<testsuite hostname="Julieta-PC" name="tests.Checks" tests="17" failures="0" timestamp="6 Apr 2016 19:19:40 GMT" time="334.060" errors="4">
  <testcase name="main" time="15.864" classname="tests.Checks"/>
  <testcase name="main" time="28.898" classname="tests.Checks">
    <error type="org.openqa.selenium.NoSuchElementException" message="Could not find element with id: e
For documentation on this error, please visit: http://seleniumhq.org/exceptions/no_such_element.html
Build info: version: &#039;unknown&#039;, revision: &#039;unknown&#039;, time: &#039;unknown&#039;
System info: os.name: &#039;Linux&#039;, os.arch: &#039;armv7l&#039;, os.version: &#039;2.6.29-gea477bb&#039;, java.version: &#039;0&#039;
Driver info: driver.version: EventFiringWebDriver
Command duration or timeout: 10.67 seconds
For documentation on this error, please visit: http://seleniumhq.org/exceptions/no_such_element.html
Build info: version: &#039;2.45.0&#039;, revision: &#039;5017cb8e7ca8e37638dc3091b2440b90a1d8686f&#039;, time: &#039;2015-02-27 09:10:26&#039;
System info: host: &#039;Julieta-PC&#039;, ip: &#039;10.30.1.190&#039;, os.name: &#039;Windows 8.1&#039;, os.arch: &#039;amd64&#039;, os.version: &#039;6.3&#039;, java.version: &#039;1.7.0_71&#039;
*** Element info: {Using=id, value=e}
Session ID: 9df8600f5b0279ea9dfa740e66914b9435f162ab
Driver info: org.openqa.selenium.remote.RemoteWebDriver
Capabilities [{proxy_type=node, javascriptEnabled=true, acceptSslCerts=true, browserVersion=default, browserName=android, webdriver.remote.sessionid=9df8600f5b0279ea9dfa740e66914b9435f162ab, version=17, proxy={httpProxy=10.0.2.2:45691, sslProxy=10.0.2.2:45691, proxyType=manual}, browser=android, applicationCacheEnabled=true, takesScreenshot=true, browserstack.ie.noFlash=false, 64bit=false, platform=ANDROID, rotatable=true, locationContextEnabled=true, acceptSslCert=false, handlesAlerts=true, browserConnectionEnabled=true, webStorageEnabled=true, device=Google Nexus 4, browserstack.video=true, language=Apache-HttpClient/4.3.6 (java 1.5), orig_os=macmav, browserstack.debug=false, mobile={browser=mobile, version=Google Nexus 4-4.2-768x1280}}]">
      <![CDATA[org.openqa.selenium.NoSuchElementException: Could not find element with id: e
For documentation on this error, please visit: http://seleniumhq.org/exceptions/no_such_element.html
Build info: version: 'unknown', revision: 'unknown', time: 'unknown'
System info: os.name: 'Linux', os.arch: 'armv7l', os.version: '2.6.29-gea477bb', java.version: '0'
Driver info: driver.version: EventFiringWebDriver
Command duration or timeout: 10.67 seconds
For documentation on this error, please visit: http://seleniumhq.org/exceptions/no_such_element.html
Build info: version: '2.45.0', revision: '5017cb8e7ca8e37638dc3091b2440b90a1d8686f', time: '2015-02-27 09:10:26'
System info: host: 'Julieta-PC', ip: '10.30.1.190', os.name: 'Windows 8.1', os.arch: 'amd64', os.version: '6.3', java.version: '1.7.0_71'
*** Element info: {Using=id, value=e}
Session ID: 9df8600f5b0279ea9dfa740e66914b9435f162ab
Driver info: org.openqa.selenium.remote.RemoteWebDriver
Capabilities [{proxy_type=node, javascriptEnabled=true, acceptSslCerts=true, browserVersion=default, browserName=android, webdriver.remote.sessionid=9df8600f5b0279ea9dfa740e66914b9435f162ab, version=17, proxy={httpProxy=10.0.2.2:45691, sslProxy=10.0.2.2:45691, proxyType=manual}, browser=android, applicationCacheEnabled=true, takesScreenshot=true, browserstack.ie.noFlash=false, 64bit=false, platform=ANDROID, rotatable=true, locationContextEnabled=true, acceptSslCert=false, handlesAlerts=true, browserConnectionEnabled=true, webStorageEnabled=true, device=Google Nexus 4, browserstack.video=true, language=Apache-HttpClient/4.3.6 (java 1.5), orig_os=macmav, browserstack.debug=false, mobile={browser=mobile, version=Google Nexus 4-4.2-768x1280}}]
	at sun.reflect.NativeConstructorAccessorImpl.newInstance0(Native Method)
	at sun.reflect.NativeConstructorAccessorImpl.newInstance(Unknown Source)
	at sun.reflect.DelegatingConstructorAccessorImpl.newInstance(Unknown Source)
	at java.lang.reflect.Constructor.newInstance(Unknown Source)
	at org.openqa.selenium.remote.ErrorHandler.createThrowable(ErrorHandler.java:204)
	at org.openqa.selenium.remote.ErrorHandler.throwIfResponseFailed(ErrorHandler.java:156)
	at org.openqa.selenium.remote.RemoteWebDriver.execute(RemoteWebDriver.java:599)
	at org.openqa.selenium.remote.RemoteWebDriver.findElement(RemoteWebDriver.java:352)
	at org.openqa.selenium.remote.RemoteWebDriver.findElementById(RemoteWebDriver.java:393)
	at org.openqa.selenium.By$ById.findElement(By.java:214)
	at org.openqa.selenium.remote.RemoteWebDriver.findElement(RemoteWebDriver.java:344)
	at tests.Checks.main(Checks.java:57)
	at sun.reflect.NativeMethodAccessorImpl.invoke0(Native Method)
	at sun.reflect.NativeMethodAccessorImpl.invoke(Unknown Source)
	at sun.reflect.DelegatingMethodAccessorImpl.invoke(Unknown Source)
	at java.lang.reflect.Method.invoke(Unknown Source)
	at org.testng.internal.MethodInvocationHelper.invokeMethod(MethodInvocationHelper.java:85)
	at org.testng.internal.Invoker.invokeMethod(Invoker.java:648)
	at org.testng.internal.Invoker.invokeTestMethod(Invoker.java:834)
	at org.testng.internal.Invoker.invokeTestMethods(Invoker.java:1142)
	at org.testng.internal.TestMethodWorker.invokeTestMethods(TestMethodWorker.java:124)
	at org.testng.internal.TestMethodWorker.run(TestMethodWorker.java:108)
	at org.testng.TestRunner.privateRun(TestRunner.java:771)
	at org.testng.TestRunner.run(TestRunner.java:621)
	at org.testng.SuiteRunner.runTest(SuiteRunner.java:357)
	at org.testng.SuiteRunner.runSequentially(SuiteRunner.java:352)
	at org.testng.SuiteRunner.privateRun(SuiteRunner.java:310)
	at org.testng.SuiteRunner.run(SuiteRunner.java:259)
	at org.testng.SuiteRunnerWorker.runSuite(SuiteRunnerWorker.java:52)
	at org.testng.SuiteRunnerWorker.run(SuiteRunnerWorker.java:86)
	at org.testng.TestNG.runSuitesSequentially(TestNG.java:1176)
	at org.testng.TestNG.runSuitesLocally(TestNG.java:1101)
	at org.testng.TestNG.run(TestNG.java:1009)
	at org.testng.remote.RemoteTestNG.run(RemoteTestNG.java:111)
	at org.testng.remote.RemoteTestNG.initAndRun(RemoteTestNG.java:204)
	at org.testng.remote.RemoteTestNG.main(RemoteTestNG.java:175)
Caused by: org.openqa.selenium.NoSuchElementException: Could not find element with id: e
For documentation on this error, please visit: http://seleniumhq.org/exceptions/no_such_element.html
Build info: version: 'unknown', revision: 'unknown', time: 'unknown'
System info: os.name: 'Linux', os.arch: 'armv7l', os.version: '2.6.29-gea477bb', java.version: '0'
Driver info: driver.version: EventFiringWebDriver
For documentation on this error, please visit: http://seleniumhq.org/exceptions/no_such_element.html
Build info: version: '2.45.0', revision: '5017cb8e7ca8e37638dc3091b2440b90a1d8686f', time: '2015-02-27 09:10:26'
System info: host: 'Julieta-PC', ip: '10.30.1.190', os.name: 'Windows 8.1', os.arch: 'amd64', os.version: '6.3', java.version: '1.7.0_71'
Driver info: driver.version: EventFiringWebDriver
	at org.openqa.selenium.android.library.AndroidWebElement.lookupElement(AndroidWebElement.java:346)
	at org.openqa.selenium.android.library.AndroidWebElement.access$1(AndroidWebElement.java:335)
	at org.openqa.selenium.android.library.AndroidWebElement$FindByImpl.findElementById(AndroidWebElement.java:249)
	at org.openqa.selenium.android.library.AndroidWebDriver$AndroidFindBy.findElementById(AndroidWebDriver.java:604)
	at org.openqa.selenium.By$ById.findElement(By.java:216)
	at org.openqa.selenium.android.library.AndroidWebDriver.findElement(AndroidWebDriver.java:543)
	at org.openqa.selenium.android.AndroidApkDriver.findElement(AndroidApkDriver.java:70)
	at java.lang.reflect.Method.invokeNative(Native Method)
	at java.lang.reflect.Method.invoke(Method.java:511)
	at org.openqa.selenium.support.events.EventFiringWebDriver$2.invoke(EventFiringWebDriver.java:101)
	at $Proxy1.findElement(Native Method)
	at org.openqa.selenium.support.events.EventFiringWebDriver.findElement(EventFiringWebDriver.java:180)
	at org.openqa.selenium.remote.server.handler.FindElement.call(FindElement.java:47)
	at org.openqa.selenium.remote.server.handler.FindElement.call(FindElement.java:1)
	at java.util.concurrent.FutureTask.run(FutureTask.java:234)
	at org.openqa.selenium.remote.server.DefaultSession$1.run(DefaultSession.java:169)
	at java.util.concurrent.ThreadPoolExecutor.runWorker(ThreadPoolExecutor.java:1080)
	at java.util.concurrent.ThreadPoolExecutor$Worker.run(ThreadPoolExecutor.java:573)
	at java.lang.Thread.run(Thread.java:856)
]]>
    </error>
  </testcase> <!-- main -->
  <testcase name="main" time="27.423" classname="tests.Checks"/>
  <testcase name="main" time="23.087" classname="tests.Checks"/>
  <testcase name="main" time="16.660" classname="tests.Checks"/>
  <testcase name="main" time="27.654" classname="tests.Checks">
    <error type="org.openqa.selenium.NoSuchElementException" message="Could not find element with id: e
For documentation on this error, please visit: http://seleniumhq.org/exceptions/no_such_element.html
Build info: version: &#039;unknown&#039;, revision: &#039;unknown&#039;, time: &#039;unknown&#039;
System info: os.name: &#039;Linux&#039;, os.arch: &#039;armv7l&#039;, os.version: &#039;2.6.29-g46b05b2&#039;, java.version: &#039;0&#039;
Driver info: driver.version: EventFiringWebDriver
Command duration or timeout: 10.68 seconds
For documentation on this error, please visit: http://seleniumhq.org/exceptions/no_such_element.html
Build info: version: &#039;2.45.0&#039;, revision: &#039;5017cb8e7ca8e37638dc3091b2440b90a1d8686f&#039;, time: &#039;2015-02-27 09:10:26&#039;
System info: host: &#039;Julieta-PC&#039;, ip: &#039;10.30.1.190&#039;, os.name: &#039;Windows 8.1&#039;, os.arch: &#039;amd64&#039;, os.version: &#039;6.3&#039;, java.version: &#039;1.7.0_71&#039;
*** Element info: {Using=id, value=e}
Session ID: 79e00fa6b359314452552dba45ac06bdf1b10eee
Driver info: org.openqa.selenium.remote.RemoteWebDriver
Capabilities [{proxy_type=node, javascriptEnabled=true, acceptSslCerts=true, browserVersion=default, browserName=android, webdriver.remote.sessionid=79e00fa6b359314452552dba45ac06bdf1b10eee, version=15, proxy={httpProxy=10.0.2.2:45691, sslProxy=10.0.2.2:45691, proxyType=manual}, browser=android, applicationCacheEnabled=true, takesScreenshot=true, browserstack.ie.noFlash=false, 64bit=false, platform=ANDROID, rotatable=true, locationContextEnabled=true, acceptSslCert=false, handlesAlerts=true, browserConnectionEnabled=true, webStorageEnabled=true, device=Google Nexus, browserstack.video=true, language=Apache-HttpClient/4.3.6 (java 1.5), orig_os=macmav, browserstack.debug=false, mobile={browser=mobile, version=Google Nexus-4.0-720x1280}}]">
      <![CDATA[org.openqa.selenium.NoSuchElementException: Could not find element with id: e
For documentation on this error, please visit: http://seleniumhq.org/exceptions/no_such_element.html
Build info: version: 'unknown', revision: 'unknown', time: 'unknown'
System info: os.name: 'Linux', os.arch: 'armv7l', os.version: '2.6.29-g46b05b2', java.version: '0'
Driver info: driver.version: EventFiringWebDriver
Command duration or timeout: 10.68 seconds
For documentation on this error, please visit: http://seleniumhq.org/exceptions/no_such_element.html
Build info: version: '2.45.0', revision: '5017cb8e7ca8e37638dc3091b2440b90a1d8686f', time: '2015-02-27 09:10:26'
System info: host: 'Julieta-PC', ip: '10.30.1.190', os.name: 'Windows 8.1', os.arch: 'amd64', os.version: '6.3', java.version: '1.7.0_71'
*** Element info: {Using=id, value=e}
Session ID: 79e00fa6b359314452552dba45ac06bdf1b10eee
Driver info: org.openqa.selenium.remote.RemoteWebDriver
Capabilities [{proxy_type=node, javascriptEnabled=true, acceptSslCerts=true, browserVersion=default, browserName=android, webdriver.remote.sessionid=79e00fa6b359314452552dba45ac06bdf1b10eee, version=15, proxy={httpProxy=10.0.2.2:45691, sslProxy=10.0.2.2:45691, proxyType=manual}, browser=android, applicationCacheEnabled=true, takesScreenshot=true, browserstack.ie.noFlash=false, 64bit=false, platform=ANDROID, rotatable=true, locationContextEnabled=true, acceptSslCert=false, handlesAlerts=true, browserConnectionEnabled=true, webStorageEnabled=true, device=Google Nexus, browserstack.video=true, language=Apache-HttpClient/4.3.6 (java 1.5), orig_os=macmav, browserstack.debug=false, mobile={browser=mobile, version=Google Nexus-4.0-720x1280}}]
	at sun.reflect.NativeConstructorAccessorImpl.newInstance0(Native Method)
	at sun.reflect.NativeConstructorAccessorImpl.newInstance(Unknown Source)
	at sun.reflect.DelegatingConstructorAccessorImpl.newInstance(Unknown Source)
	at java.lang.reflect.Constructor.newInstance(Unknown Source)
	at org.openqa.selenium.remote.ErrorHandler.createThrowable(ErrorHandler.java:204)
	at org.openqa.selenium.remote.ErrorHandler.throwIfResponseFailed(ErrorHandler.java:156)
	at org.openqa.selenium.remote.RemoteWebDriver.execute(RemoteWebDriver.java:599)
	at org.openqa.selenium.remote.RemoteWebDriver.findElement(RemoteWebDriver.java:352)
	at org.openqa.selenium.remote.RemoteWebDriver.findElementById(RemoteWebDriver.java:393)
	at org.openqa.selenium.By$ById.findElement(By.java:214)
	at org.openqa.selenium.remote.RemoteWebDriver.findElement(RemoteWebDriver.java:344)
	at tests.Checks.main(Checks.java:57)
	at sun.reflect.NativeMethodAccessorImpl.invoke0(Native Method)
	at sun.reflect.NativeMethodAccessorImpl.invoke(Unknown Source)
	at sun.reflect.DelegatingMethodAccessorImpl.invoke(Unknown Source)
	at java.lang.reflect.Method.invoke(Unknown Source)
	at org.testng.internal.MethodInvocationHelper.invokeMethod(MethodInvocationHelper.java:85)
	at org.testng.internal.Invoker.invokeMethod(Invoker.java:648)
	at org.testng.internal.Invoker.invokeTestMethod(Invoker.java:834)
	at org.testng.internal.Invoker.invokeTestMethods(Invoker.java:1142)
	at org.testng.internal.TestMethodWorker.invokeTestMethods(TestMethodWorker.java:124)
	at org.testng.internal.TestMethodWorker.run(TestMethodWorker.java:108)
	at org.testng.TestRunner.privateRun(TestRunner.java:771)
	at org.testng.TestRunner.run(TestRunner.java:621)
	at org.testng.SuiteRunner.runTest(SuiteRunner.java:357)
	at org.testng.SuiteRunner.runSequentially(SuiteRunner.java:352)
	at org.testng.SuiteRunner.privateRun(SuiteRunner.java:310)
	at org.testng.SuiteRunner.run(SuiteRunner.java:259)
	at org.testng.SuiteRunnerWorker.runSuite(SuiteRunnerWorker.java:52)
	at org.testng.SuiteRunnerWorker.run(SuiteRunnerWorker.java:86)
	at org.testng.TestNG.runSuitesSequentially(TestNG.java:1176)
	at org.testng.TestNG.runSuitesLocally(TestNG.java:1101)
	at org.testng.TestNG.run(TestNG.java:1009)
	at org.testng.remote.RemoteTestNG.run(RemoteTestNG.java:111)
	at org.testng.remote.RemoteTestNG.initAndRun(RemoteTestNG.java:204)
	at org.testng.remote.RemoteTestNG.main(RemoteTestNG.java:175)
Caused by: org.openqa.selenium.NoSuchElementException: Could not find element with id: e
For documentation on this error, please visit: http://seleniumhq.org/exceptions/no_such_element.html
Build info: version: 'unknown', revision: 'unknown', time: 'unknown'
System info: os.name: 'Linux', os.arch: 'armv7l', os.version: '2.6.29-g46b05b2', java.version: '0'
Driver info: driver.version: EventFiringWebDriver
For documentation on this error, please visit: http://seleniumhq.org/exceptions/no_such_element.html
Build info: version: '2.45.0', revision: '5017cb8e7ca8e37638dc3091b2440b90a1d8686f', time: '2015-02-27 09:10:26'
System info: host: 'Julieta-PC', ip: '10.30.1.190', os.name: 'Windows 8.1', os.arch: 'amd64', os.version: '6.3', java.version: '1.7.0_71'
Driver info: driver.version: EventFiringWebDriver
	at org.openqa.selenium.android.library.AndroidWebElement.lookupElement(AndroidWebElement.java:346)
	at org.openqa.selenium.android.library.AndroidWebElement.access$1(AndroidWebElement.java:335)
	at org.openqa.selenium.android.library.AndroidWebElement$FindByImpl.findElementById(AndroidWebElement.java:249)
	at org.openqa.selenium.android.library.AndroidWebDriver$AndroidFindBy.findElementById(AndroidWebDriver.java:604)
	at org.openqa.selenium.By$ById.findElement(By.java:216)
	at org.openqa.selenium.android.library.AndroidWebDriver.findElement(AndroidWebDriver.java:543)
	at org.openqa.selenium.android.AndroidApkDriver.findElement(AndroidApkDriver.java:70)
	at java.lang.reflect.Method.invokeNative(Native Method)
	at java.lang.reflect.Method.invoke(Method.java:511)
	at org.openqa.selenium.support.events.EventFiringWebDriver$2.invoke(EventFiringWebDriver.java:101)
	at $Proxy1.findElement(Native Method)
	at org.openqa.selenium.support.events.EventFiringWebDriver.findElement(EventFiringWebDriver.java:180)
	at org.openqa.selenium.remote.server.handler.FindElement.call(FindElement.java:47)
	at org.openqa.selenium.remote.server.handler.FindElement.call(FindElement.java:1)
	at java.util.concurrent.FutureTask$Sync.innerRun(FutureTask.java:305)
	at java.util.concurrent.FutureTask.run(FutureTask.java:137)
	at org.openqa.selenium.remote.server.DefaultSession$1.run(DefaultSession.java:169)
	at java.util.concurrent.ThreadPoolExecutor.runWorker(ThreadPoolExecutor.java:1076)
	at java.util.concurrent.ThreadPoolExecutor$Worker.run(ThreadPoolExecutor.java:569)
	at java.lang.Thread.run(Thread.java:856)
]]>
    </error>
  </testcase> <!-- main -->
  <testcase name="main" time="19.873" classname="tests.Checks">
    <error type="org.openqa.selenium.NoSuchElementException" message="Could not find element with id: e
For documentation on this error, please visit: http://seleniumhq.org/exceptions/no_such_element.html
Build info: version: &#039;unknown&#039;, revision: &#039;unknown&#039;, time: &#039;unknown&#039;
System info: os.name: &#039;Linux&#039;, os.arch: &#039;armv7l&#039;, os.version: &#039;2.6.29-gc497e41&#039;, java.version: &#039;0&#039;
Driver info: driver.version: EventFiringWebDriver
Command duration or timeout: 10.65 seconds
For documentation on this error, please visit: http://seleniumhq.org/exceptions/no_such_element.html
Build info: version: &#039;2.45.0&#039;, revision: &#039;5017cb8e7ca8e37638dc3091b2440b90a1d8686f&#039;, time: &#039;2015-02-27 09:10:26&#039;
System info: host: &#039;Julieta-PC&#039;, ip: &#039;10.30.1.190&#039;, os.name: &#039;Windows 8.1&#039;, os.arch: &#039;amd64&#039;, os.version: &#039;6.3&#039;, java.version: &#039;1.7.0_71&#039;
*** Element info: {Using=id, value=e}
Session ID: 771515a782976a55d55c235d3d2a9623599767c1
Driver info: org.openqa.selenium.remote.RemoteWebDriver
Capabilities [{proxy_type=node, javascriptEnabled=true, acceptSslCerts=true, browserVersion=default, browserName=android, webdriver.remote.sessionid=771515a782976a55d55c235d3d2a9623599767c1, version=16, proxy={httpProxy=10.0.2.2:45691, sslProxy=10.0.2.2:45691, proxyType=manual}, browser=android, applicationCacheEnabled=true, takesScreenshot=true, browserstack.ie.noFlash=false, 64bit=false, platform=ANDROID, rotatable=true, locationContextEnabled=true, acceptSslCert=false, handlesAlerts=true, browserConnectionEnabled=true, webStorageEnabled=true, device=Samsung Galaxy S3, browserstack.video=true, language=Apache-HttpClient/4.3.6 (java 1.5), orig_os=macmav, browserstack.debug=false, mobile={browser=mobile, version=Samsung Galaxy S3-4.1-720x1280}}]">
      <![CDATA[org.openqa.selenium.NoSuchElementException: Could not find element with id: e
For documentation on this error, please visit: http://seleniumhq.org/exceptions/no_such_element.html
Build info: version: 'unknown', revision: 'unknown', time: 'unknown'
System info: os.name: 'Linux', os.arch: 'armv7l', os.version: '2.6.29-gc497e41', java.version: '0'
Driver info: driver.version: EventFiringWebDriver
Command duration or timeout: 10.65 seconds
For documentation on this error, please visit: http://seleniumhq.org/exceptions/no_such_element.html
Build info: version: '2.45.0', revision: '5017cb8e7ca8e37638dc3091b2440b90a1d8686f', time: '2015-02-27 09:10:26'
System info: host: 'Julieta-PC', ip: '10.30.1.190', os.name: 'Windows 8.1', os.arch: 'amd64', os.version: '6.3', java.version: '1.7.0_71'
*** Element info: {Using=id, value=e}
Session ID: 771515a782976a55d55c235d3d2a9623599767c1
Driver info: org.openqa.selenium.remote.RemoteWebDriver
Capabilities [{proxy_type=node, javascriptEnabled=true, acceptSslCerts=true, browserVersion=default, browserName=android, webdriver.remote.sessionid=771515a782976a55d55c235d3d2a9623599767c1, version=16, proxy={httpProxy=10.0.2.2:45691, sslProxy=10.0.2.2:45691, proxyType=manual}, browser=android, applicationCacheEnabled=true, takesScreenshot=true, browserstack.ie.noFlash=false, 64bit=false, platform=ANDROID, rotatable=true, locationContextEnabled=true, acceptSslCert=false, handlesAlerts=true, browserConnectionEnabled=true, webStorageEnabled=true, device=Samsung Galaxy S3, browserstack.video=true, language=Apache-HttpClient/4.3.6 (java 1.5), orig_os=macmav, browserstack.debug=false, mobile={browser=mobile, version=Samsung Galaxy S3-4.1-720x1280}}]
	at sun.reflect.NativeConstructorAccessorImpl.newInstance0(Native Method)
	at sun.reflect.NativeConstructorAccessorImpl.newInstance(Unknown Source)
	at sun.reflect.DelegatingConstructorAccessorImpl.newInstance(Unknown Source)
	at java.lang.reflect.Constructor.newInstance(Unknown Source)
	at org.openqa.selenium.remote.ErrorHandler.createThrowable(ErrorHandler.java:204)
	at org.openqa.selenium.remote.ErrorHandler.throwIfResponseFailed(ErrorHandler.java:156)
	at org.openqa.selenium.remote.RemoteWebDriver.execute(RemoteWebDriver.java:599)
	at org.openqa.selenium.remote.RemoteWebDriver.findElement(RemoteWebDriver.java:352)
	at org.openqa.selenium.remote.RemoteWebDriver.findElementById(RemoteWebDriver.java:393)
	at org.openqa.selenium.By$ById.findElement(By.java:214)
	at org.openqa.selenium.remote.RemoteWebDriver.findElement(RemoteWebDriver.java:344)
	at tests.Checks.main(Checks.java:57)
	at sun.reflect.NativeMethodAccessorImpl.invoke0(Native Method)
	at sun.reflect.NativeMethodAccessorImpl.invoke(Unknown Source)
	at sun.reflect.DelegatingMethodAccessorImpl.invoke(Unknown Source)
	at java.lang.reflect.Method.invoke(Unknown Source)
	at org.testng.internal.MethodInvocationHelper.invokeMethod(MethodInvocationHelper.java:85)
	at org.testng.internal.Invoker.invokeMethod(Invoker.java:648)
	at org.testng.internal.Invoker.invokeTestMethod(Invoker.java:834)
	at org.testng.internal.Invoker.invokeTestMethods(Invoker.java:1142)
	at org.testng.internal.TestMethodWorker.invokeTestMethods(TestMethodWorker.java:124)
	at org.testng.internal.TestMethodWorker.run(TestMethodWorker.java:108)
	at org.testng.TestRunner.privateRun(TestRunner.java:771)
	at org.testng.TestRunner.run(TestRunner.java:621)
	at org.testng.SuiteRunner.runTest(SuiteRunner.java:357)
	at org.testng.SuiteRunner.runSequentially(SuiteRunner.java:352)
	at org.testng.SuiteRunner.privateRun(SuiteRunner.java:310)
	at org.testng.SuiteRunner.run(SuiteRunner.java:259)
	at org.testng.SuiteRunnerWorker.runSuite(SuiteRunnerWorker.java:52)
	at org.testng.SuiteRunnerWorker.run(SuiteRunnerWorker.java:86)
	at org.testng.TestNG.runSuitesSequentially(TestNG.java:1176)
	at org.testng.TestNG.runSuitesLocally(TestNG.java:1101)
	at org.testng.TestNG.run(TestNG.java:1009)
	at org.testng.remote.RemoteTestNG.run(RemoteTestNG.java:111)
	at org.testng.remote.RemoteTestNG.initAndRun(RemoteTestNG.java:204)
	at org.testng.remote.RemoteTestNG.main(RemoteTestNG.java:175)
Caused by: org.openqa.selenium.NoSuchElementException: Could not find element with id: e
For documentation on this error, please visit: http://seleniumhq.org/exceptions/no_such_element.html
Build info: version: 'unknown', revision: 'unknown', time: 'unknown'
System info: os.name: 'Linux', os.arch: 'armv7l', os.version: '2.6.29-gc497e41', java.version: '0'
Driver info: driver.version: EventFiringWebDriver
For documentation on this error, please visit: http://seleniumhq.org/exceptions/no_such_element.html
Build info: version: '2.45.0', revision: '5017cb8e7ca8e37638dc3091b2440b90a1d8686f', time: '2015-02-27 09:10:26'
System info: host: 'Julieta-PC', ip: '10.30.1.190', os.name: 'Windows 8.1', os.arch: 'amd64', os.version: '6.3', java.version: '1.7.0_71'
Driver info: driver.version: EventFiringWebDriver
	at org.openqa.selenium.android.library.AndroidWebElement.lookupElement(AndroidWebElement.java:346)
	at org.openqa.selenium.android.library.AndroidWebElement.access$1(AndroidWebElement.java:335)
	at org.openqa.selenium.android.library.AndroidWebElement$FindByImpl.findElementById(AndroidWebElement.java:249)
	at org.openqa.selenium.android.library.AndroidWebDriver$AndroidFindBy.findElementById(AndroidWebDriver.java:604)
	at org.openqa.selenium.By$ById.findElement(By.java:216)
	at org.openqa.selenium.android.library.AndroidWebDriver.findElement(AndroidWebDriver.java:543)
	at org.openqa.selenium.android.AndroidApkDriver.findElement(AndroidApkDriver.java:70)
	at java.lang.reflect.Method.invokeNative(Native Method)
	at java.lang.reflect.Method.invoke(Method.java:511)
	at org.openqa.selenium.support.events.EventFiringWebDriver$2.invoke(EventFiringWebDriver.java:101)
	at $Proxy1.findElement(Native Method)
	at org.openqa.selenium.support.events.EventFiringWebDriver.findElement(EventFiringWebDriver.java:180)
	at org.openqa.selenium.remote.server.handler.FindElement.call(FindElement.java:47)
	at org.openqa.selenium.remote.server.handler.FindElement.call(FindElement.java:1)
	at java.util.concurrent.FutureTask$Sync.innerRun(FutureTask.java:305)
	at java.util.concurrent.FutureTask.run(FutureTask.java:137)
	at org.openqa.selenium.remote.server.DefaultSession$1.run(DefaultSession.java:169)
	at java.util.concurrent.ThreadPoolExecutor.runWorker(ThreadPoolExecutor.java:1076)
	at java.util.concurrent.ThreadPoolExecutor$Worker.run(ThreadPoolExecutor.java:569)
	at java.lang.Thread.run(Thread.java:856)
]]>
    </error>
  </testcase> <!-- main -->
  <testcase name="main" time="15.196" classname="tests.Checks"/>
  <testcase name="main" time="20.196" classname="tests.Checks"/>
  <testcase name="main" time="12.829" classname="tests.Checks"/>
  <testcase name="main" time="38.366" classname="tests.Checks"/>
  <testcase name="main" time="10.480" classname="tests.Checks"/>
  <testcase name="main" time="12.456" classname="tests.Checks"/>
  <testcase name="main" time="12.988" classname="tests.Checks"/>
  <testcase name="main" time="14.007" classname="tests.Checks"/>
  <testcase name="main" time="8.747" classname="tests.Checks">
    <error type="org.openqa.selenium.NoSuchElementException" message="Could not find element with id: e
For documentation on this error, please visit: http://seleniumhq.org/exceptions/no_such_element.html
Build info: version: &#039;unknown&#039;, revision: &#039;unknown&#039;, time: &#039;unknown&#039;
System info: os.name: &#039;Linux&#039;, os.arch: &#039;i686&#039;, os.version: &#039;3.4.0+&#039;, java.version: &#039;0&#039;
Driver info: driver.version: EventFiringWebDriver
Command duration or timeout: 5.10 seconds
For documentation on this error, please visit: http://seleniumhq.org/exceptions/no_such_element.html
Build info: version: &#039;2.45.0&#039;, revision: &#039;5017cb8e7ca8e37638dc3091b2440b90a1d8686f&#039;, time: &#039;2015-02-27 09:10:26&#039;
System info: host: &#039;Julieta-PC&#039;, ip: &#039;10.30.1.190&#039;, os.name: &#039;Windows 8.1&#039;, os.arch: &#039;amd64&#039;, os.version: &#039;6.3&#039;, java.version: &#039;1.7.0_71&#039;
*** Element info: {Using=id, value=e}
Session ID: 0461ad9165ccd3dad4a4a208482e73276bfe8b9e
Driver info: org.openqa.selenium.remote.RemoteWebDriver
Capabilities [{proxy_type=node, javascriptEnabled=true, acceptSslCerts=true, browserVersion=default, browserName=android, webdriver.remote.sessionid=0461ad9165ccd3dad4a4a208482e73276bfe8b9e, version=18, proxy={httpProxy=10.0.2.2:45691, sslProxy=10.0.2.2:45691, proxyType=manual}, browser=android, applicationCacheEnabled=true, takesScreenshot=true, browserstack.ie.noFlash=false, 64bit=false, platform=ANDROID, rotatable=true, locationContextEnabled=true, acceptSslCert=false, handlesAlerts=true, browserConnectionEnabled=true, webStorageEnabled=true, device=Samsung Galaxy S4, browserstack.video=true, language=Apache-HttpClient/4.3.6 (java 1.5), orig_os=macyos, browserstack.debug=false, mobile={browser=mobile, version=Samsung Galaxy S4-4.3-1080x1920}}]">
      <![CDATA[org.openqa.selenium.NoSuchElementException: Could not find element with id: e
For documentation on this error, please visit: http://seleniumhq.org/exceptions/no_such_element.html
Build info: version: 'unknown', revision: 'unknown', time: 'unknown'
System info: os.name: 'Linux', os.arch: 'i686', os.version: '3.4.0+', java.version: '0'
Driver info: driver.version: EventFiringWebDriver
Command duration or timeout: 5.10 seconds
For documentation on this error, please visit: http://seleniumhq.org/exceptions/no_such_element.html
Build info: version: '2.45.0', revision: '5017cb8e7ca8e37638dc3091b2440b90a1d8686f', time: '2015-02-27 09:10:26'
System info: host: 'Julieta-PC', ip: '10.30.1.190', os.name: 'Windows 8.1', os.arch: 'amd64', os.version: '6.3', java.version: '1.7.0_71'
*** Element info: {Using=id, value=e}
Session ID: 0461ad9165ccd3dad4a4a208482e73276bfe8b9e
Driver info: org.openqa.selenium.remote.RemoteWebDriver
Capabilities [{proxy_type=node, javascriptEnabled=true, acceptSslCerts=true, browserVersion=default, browserName=android, webdriver.remote.sessionid=0461ad9165ccd3dad4a4a208482e73276bfe8b9e, version=18, proxy={httpProxy=10.0.2.2:45691, sslProxy=10.0.2.2:45691, proxyType=manual}, browser=android, applicationCacheEnabled=true, takesScreenshot=true, browserstack.ie.noFlash=false, 64bit=false, platform=ANDROID, rotatable=true, locationContextEnabled=true, acceptSslCert=false, handlesAlerts=true, browserConnectionEnabled=true, webStorageEnabled=true, device=Samsung Galaxy S4, browserstack.video=true, language=Apache-HttpClient/4.3.6 (java 1.5), orig_os=macyos, browserstack.debug=false, mobile={browser=mobile, version=Samsung Galaxy S4-4.3-1080x1920}}]
	at sun.reflect.NativeConstructorAccessorImpl.newInstance0(Native Method)
	at sun.reflect.NativeConstructorAccessorImpl.newInstance(Unknown Source)
	at sun.reflect.DelegatingConstructorAccessorImpl.newInstance(Unknown Source)
	at java.lang.reflect.Constructor.newInstance(Unknown Source)
	at org.openqa.selenium.remote.ErrorHandler.createThrowable(ErrorHandler.java:204)
	at org.openqa.selenium.remote.ErrorHandler.throwIfResponseFailed(ErrorHandler.java:156)
	at org.openqa.selenium.remote.RemoteWebDriver.execute(RemoteWebDriver.java:599)
	at org.openqa.selenium.remote.RemoteWebDriver.findElement(RemoteWebDriver.java:352)
	at org.openqa.selenium.remote.RemoteWebDriver.findElementById(RemoteWebDriver.java:393)
	at org.openqa.selenium.By$ById.findElement(By.java:214)
	at org.openqa.selenium.remote.RemoteWebDriver.findElement(RemoteWebDriver.java:344)
	at tests.Checks.main(Checks.java:57)
	at sun.reflect.NativeMethodAccessorImpl.invoke0(Native Method)
	at sun.reflect.NativeMethodAccessorImpl.invoke(Unknown Source)
	at sun.reflect.DelegatingMethodAccessorImpl.invoke(Unknown Source)
	at java.lang.reflect.Method.invoke(Unknown Source)
	at org.testng.internal.MethodInvocationHelper.invokeMethod(MethodInvocationHelper.java:85)
	at org.testng.internal.Invoker.invokeMethod(Invoker.java:648)
	at org.testng.internal.Invoker.invokeTestMethod(Invoker.java:834)
	at org.testng.internal.Invoker.invokeTestMethods(Invoker.java:1142)
	at org.testng.internal.TestMethodWorker.invokeTestMethods(TestMethodWorker.java:124)
	at org.testng.internal.TestMethodWorker.run(TestMethodWorker.java:108)
	at org.testng.TestRunner.privateRun(TestRunner.java:771)
	at org.testng.TestRunner.run(TestRunner.java:621)
	at org.testng.SuiteRunner.runTest(SuiteRunner.java:357)
	at org.testng.SuiteRunner.runSequentially(SuiteRunner.java:352)
	at org.testng.SuiteRunner.privateRun(SuiteRunner.java:310)
	at org.testng.SuiteRunner.run(SuiteRunner.java:259)
	at org.testng.SuiteRunnerWorker.runSuite(SuiteRunnerWorker.java:52)
	at org.testng.SuiteRunnerWorker.run(SuiteRunnerWorker.java:86)
	at org.testng.TestNG.runSuitesSequentially(TestNG.java:1176)
	at org.testng.TestNG.runSuitesLocally(TestNG.java:1101)
	at org.testng.TestNG.run(TestNG.java:1009)
	at org.testng.remote.RemoteTestNG.run(RemoteTestNG.java:111)
	at org.testng.remote.RemoteTestNG.initAndRun(RemoteTestNG.java:204)
	at org.testng.remote.RemoteTestNG.main(RemoteTestNG.java:175)
Caused by: org.openqa.selenium.NoSuchElementException: Could not find element with id: e
For documentation on this error, please visit: http://seleniumhq.org/exceptions/no_such_element.html
Build info: version: 'unknown', revision: 'unknown', time: 'unknown'
System info: os.name: 'Linux', os.arch: 'i686', os.version: '3.4.0+', java.version: '0'
Driver info: driver.version: EventFiringWebDriver
For documentation on this error, please visit: http://seleniumhq.org/exceptions/no_such_element.html
Build info: version: '2.45.0', revision: '5017cb8e7ca8e37638dc3091b2440b90a1d8686f', time: '2015-02-27 09:10:26'
System info: host: 'Julieta-PC', ip: '10.30.1.190', os.name: 'Windows 8.1', os.arch: 'amd64', os.version: '6.3', java.version: '1.7.0_71'
Driver info: driver.version: EventFiringWebDriver
	at org.openqa.selenium.android.library.AndroidWebElement.lookupElement(AndroidWebElement.java:346)
	at org.openqa.selenium.android.library.AndroidWebElement.access$1(AndroidWebElement.java:335)
	at org.openqa.selenium.android.library.AndroidWebElement$FindByImpl.findElementById(AndroidWebElement.java:249)
	at org.openqa.selenium.android.library.AndroidWebDriver$AndroidFindBy.findElementById(AndroidWebDriver.java:604)
	at org.openqa.selenium.By$ById.findElement(By.java:216)
	at org.openqa.selenium.android.library.AndroidWebDriver.findElement(AndroidWebDriver.java:543)
	at org.openqa.selenium.android.AndroidApkDriver.findElement(AndroidApkDriver.java:70)
	at java.lang.reflect.Method.invokeNative(Native Method)
	at java.lang.reflect.Method.invoke(Method.java:525)
	at org.openqa.selenium.support.events.EventFiringWebDriver$2.invoke(EventFiringWebDriver.java:101)
	at $Proxy1.findElement(Native Method)
	at org.openqa.selenium.support.events.EventFiringWebDriver.findElement(EventFiringWebDriver.java:180)
	at org.openqa.selenium.remote.server.handler.FindElement.call(FindElement.java:47)
	at org.openqa.selenium.remote.server.handler.FindElement.call(FindElement.java:1)
	at java.util.concurrent.FutureTask.run(FutureTask.java:234)
	at org.openqa.selenium.remote.server.DefaultSession$1.run(DefaultSession.java:169)
	at java.util.concurrent.ThreadPoolExecutor.runWorker(ThreadPoolExecutor.java:1080)
	at java.util.concurrent.ThreadPoolExecutor$Worker.run(ThreadPoolExecutor.java:573)
	at java.lang.Thread.run(Thread.java:841)
]]>
    </error>
  </testcase> <!-- main -->
  <testcase name="main" time="29.336" classname="tests.Checks"/>
</testsuite> <!-- tests.Checks -->
